{
  "stats": {
    "suites": 1,
    "tests": 1,
    "passes": 1,
    "pending": 0,
    "failures": 0,
    "start": "2019-06-04T23:39:48.035Z",
    "end": "2019-06-04T23:39:50.023Z",
    "duration": 1988,
    "testsRegistered": 1,
    "passPercent": 100,
    "pendingPercent": 0,
    "other": 0,
    "hasOther": false,
    "skipped": 0,
    "hasSkipped": false,
    "passPercentClass": "success",
    "pendingPercentClass": "danger"
  },
  "suites": {
    "uuid": "30c1d930-54dc-4c87-946f-872dcb9bfd92",
    "title": "",
    "fullFile": "",
    "file": "",
    "beforeHooks": [],
    "afterHooks": [],
    "tests": [],
    "suites": [
      {
        "uuid": "26a6c32b-ef03-42d0-b2e5-90609f4ed000",
        "title": "Cypress parallel run example - 1",
        "fullFile": "",
        "file": "",
        "beforeHooks": [],
        "afterHooks": [],
        "tests": [
          {
            "title": "should display the title",
            "fullTitle": "Cypress parallel run example - 1 should display the title",
            "duration": 527,
            "state": "passed",
            "speed": "slow",
            "pass": true,
            "fail": false,
            "pending": false,
            "code": "cy.visit(\"https://mherman.org\");\ncy.get('a').contains('Michael Herman');",
            "err": {},
            "isRoot": false,
            "uuid": "390bddd1-b71f-47e8-b37b-7ee8a79e7a8c",
            "isHook": false,
            "skipped": false
          }
        ],
        "suites": [],
        "passes": [
          "390bddd1-b71f-47e8-b37b-7ee8a79e7a8c"
        ],
        "failures": [],
        "pending": [],
        "skipped": [],
        "duration": 527,
        "root": false,
        "rootEmpty": false,
        "_timeout": 2000
      }
    ],
    "passes": [],
    "failures": [],
    "pending": [],
    "skipped": [],
    "duration": 0,
    "root": true,
    "rootEmpty": true,
    "_timeout": 2000
  },
  "copyrightYear": 2019
}